2017-08-07 18:43:41,029 [Worker-0] INFO  c.g.t.t.d.PublishedGradleVersions - Gradle version information cache is not available. Remote download required.
2017-08-22 12:20:03,688 [Worker-2] INFO  c.g.t.t.d.PublishedGradleVersions - Gradle version information cache is out-of-date. Trying to update.
2017-08-23 14:16:18,219 [Worker-7] INFO  c.g.t.t.d.PublishedGradleVersions - Gradle version information cache is out-of-date. Trying to update.
2017-08-24 11:52:21,812 [Worker-4] INFO  c.g.t.t.d.PublishedGradleVersions - Gradle version information cache is up-to-date. Trying to read.
2017-08-29 10:18:19,818 [Worker-5] INFO  c.g.t.t.d.PublishedGradleVersions - Gradle version information cache is out-of-date. Trying to update.
2017-08-31 17:59:23,000 [Worker-79] WARN  org.eclipse.jgit.util.FS - Exception caught during execution of command '[git, config, --system, --edit]' in '/usr/bin', return code '128', error message 'fatal: Could not switch to '/Applications/Xcode.app/Contents/Developer/usr/etc/': No such file or directory
'
2017-09-01 10:24:32,082 [Worker-5] INFO  c.g.t.t.d.PublishedGradleVersions - Gradle version information cache is out-of-date. Trying to update.
2017-09-01 10:24:33,335 [Worker-4] WARN  org.eclipse.jgit.util.FS - Exception caught during execution of command '[git, config, --system, --edit]' in '/usr/bin', return code '128', error message 'fatal: Could not switch to '/Applications/Xcode.app/Contents/Developer/usr/etc/': No such file or directory
'
2017-09-01 10:28:55,046 [Worker-6] INFO  c.g.t.t.d.PublishedGradleVersions - Gradle version information cache is up-to-date. Trying to read.
2017-09-01 10:28:55,636 [Worker-5] WARN  org.eclipse.jgit.util.FS - Exception caught during execution of command '[git, config, --system, --edit]' in '/usr/bin', return code '128', error message 'fatal: Could not switch to '/Applications/Xcode.app/Contents/Developer/usr/etc/': No such file or directory
'
2017-09-05 12:14:25,583 [Worker-5] INFO  c.g.t.t.d.PublishedGradleVersions - Gradle version information cache is out-of-date. Trying to update.
2017-09-05 12:14:29,372 [Worker-7] WARN  org.eclipse.jgit.util.FS - Exception caught during execution of command '[git, config, --system, --edit]' in '/usr/bin', return code '128', error message 'fatal: Could not switch to '/Applications/Xcode.app/Contents/Developer/usr/etc/': No such file or directory
'
2017-09-05 14:52:49,801 [Worker-4] INFO  c.g.t.t.d.PublishedGradleVersions - Gradle version information cache is up-to-date. Trying to read.
2017-09-05 14:52:51,059 [Worker-8] WARN  org.eclipse.jgit.util.FS - Exception caught during execution of command '[git, config, --system, --edit]' in '/usr/bin', return code '128', error message 'fatal: Could not switch to '/Applications/Xcode.app/Contents/Developer/usr/etc/': No such file or directory
'
2017-09-05 17:38:37,801 [main] WARN  org.eclipse.jgit.util.FS - Exception caught during execution of command '[git, config, --system, --edit]' in '/usr/bin', return code '128', error message 'fatal: Could not switch to '/Applications/Xcode.app/Contents/Developer/usr/etc/': No such file or directory
'
2017-09-05 17:38:39,265 [Worker-6] INFO  c.g.t.t.d.PublishedGradleVersions - Gradle version information cache is up-to-date. Trying to read.
2017-09-05 22:32:33,290 [Worker-6] INFO  c.g.t.t.d.PublishedGradleVersions - Gradle version information cache is up-to-date. Trying to read.
2017-09-05 22:32:34,815 [Worker-9] WARN  org.eclipse.jgit.util.FS - Exception caught during execution of command '[git, config, --system, --edit]' in '/usr/bin', return code '128', error message 'fatal: Could not switch to '/Applications/Xcode.app/Contents/Developer/usr/etc/': No such file or directory
'
2017-09-06 13:55:40,818 [Worker-5] INFO  c.g.t.t.d.PublishedGradleVersions - Gradle version information cache is out-of-date. Trying to update.
2017-09-06 13:55:42,502 [Worker-9] WARN  org.eclipse.jgit.util.FS - Exception caught during execution of command '[git, config, --system, --edit]' in '/usr/bin', return code '128', error message 'fatal: Could not switch to '/Applications/Xcode.app/Contents/Developer/usr/etc/': No such file or directory
'
2017-09-12 00:35:26,499 [Worker-6] INFO  c.g.t.t.d.PublishedGradleVersions - Gradle version information cache is out-of-date. Trying to update.
2017-09-12 11:59:09,671 [Worker-6] INFO  c.g.t.t.d.PublishedGradleVersions - Gradle version information cache is up-to-date. Trying to read.
2017-09-12 22:30:27,069 [Worker-5] INFO  c.g.t.t.d.PublishedGradleVersions - Gradle version information cache is up-to-date. Trying to read.
2017-09-14 12:31:36,119 [Worker-5] INFO  c.g.t.t.d.PublishedGradleVersions - Gradle version information cache is out-of-date. Trying to update.
2017-09-20 12:48:01,128 [Worker-4] INFO  c.g.t.t.d.PublishedGradleVersions - Gradle version information cache is out-of-date. Trying to update.
2017-09-21 12:33:05,233 [Worker-6] INFO  c.g.t.t.d.PublishedGradleVersions - Gradle version information cache is up-to-date. Trying to read.
2017-09-24 17:03:30,611 [Worker-4] INFO  c.g.t.t.d.PublishedGradleVersions - Gradle version information cache is out-of-date. Trying to update.
2017-09-26 12:00:41,930 [Worker-6] INFO  c.g.t.t.d.PublishedGradleVersions - Gradle version information cache is out-of-date. Trying to update.
2017-09-27 11:30:06,837 [Worker-6] INFO  c.g.t.t.d.PublishedGradleVersions - Gradle version information cache is up-to-date. Trying to read.
2017-09-28 12:32:31,189 [Worker-4] INFO  c.g.t.t.d.PublishedGradleVersions - Gradle version information cache is out-of-date. Trying to update.
2017-10-02 20:58:41,473 [Worker-5] INFO  c.g.t.t.d.PublishedGradleVersions - Gradle version information cache is out-of-date. Trying to update.
